<?xml version="1.0" encoding="UTF-8"?>
<!-- Generated by org.testng.reporters.JUnitReportReporter -->
<testsuite hostname="PC155" failures="0" tests="2" name="gettoken_fromurl.ApiTesting" time="6.148" errors="0" timestamp="2021-02-12T14:14:13 PKT" skipped="0">
  <testcase classname="gettoken_fromurl.ApiTesting" name="apiPostTest" time="4.681"/>
  <system-out/>
  <testcase classname="gettoken_fromurl.ApiTesting" name="apiTesting" time="1.467"/>
  <system-out/>
</testsuite> <!-- gettoken_fromurl.ApiTesting -->
