<?xml version="1.0" encoding="UTF-8"?>
<!-- Generated by org.testng.reporters.JUnitReportReporter -->
<testsuite hostname="PC155" failures="0" tests="1" name="gettoken_fromurl.GetUrl" time="41.535" errors="0" timestamp="2021-02-12T14:21:46 PKT" skipped="0">
  <testcase classname="gettoken_fromurl.GetUrl" name="getUrl" time="41.535"/>
  <system-out/>
</testsuite> <!-- gettoken_fromurl.GetUrl -->
