<?xml version="1.0" encoding="UTF-8"?>
<!-- Generated by org.testng.reporters.JUnitReportReporter -->
<testsuite hostname="PC155" failures="0" tests="1" name="ede_partner_testcases.TestCase_162" time="1048.065" errors="0" timestamp="2021-10-05T17:10:39 PKT" skipped="0">
  <testcase classname="ede_partner_testcases.TestCase_162" name="testCase_162" time="1048.065"/>
  <system-out/>
</testsuite> <!-- ede_partner_testcases.TestCase_162 -->
