<?xml version="1.0" encoding="UTF-8"?>
<!-- Generated by org.testng.reporters.JUnitReportReporter -->
<testsuite hostname="PC155" failures="0" tests="1" name="ede_ph_3.TestCase3_H" time="1568.127" errors="0" timestamp="2021-12-09T23:15:17 PKT" skipped="0">
  <testcase classname="ede_ph_3.TestCase3_H" name="testCase3_H" time="1568.127"/>
  <system-out/>
</testsuite> <!-- ede_ph_3.TestCase3_H -->
