<?xml version="1.0" encoding="UTF-8"?>
<!-- Generated by org.testng.reporters.JUnitReportReporter -->
<testsuite hostname="PC155" failures="0" tests="1" name="ede_partner_testcases2.TestCase_56" time="1153.306" errors="0" timestamp="2022-03-15T23:18:01 PKT" skipped="0">
  <testcase classname="ede_partner_testcases2.TestCase_56" name="testCase_46" time="1153.306"/>
  <system-out/>
</testsuite> <!-- ede_partner_testcases2.TestCase_56 -->
