<?xml version="1.0" encoding="UTF-8"?>
<!-- Generated by org.testng.reporters.JUnitReportReporter -->
<testsuite hostname="PC155" failures="0" tests="1" name="ede_ph_3.TestCase3_I" time="989.488" errors="0" timestamp="2022-04-13T23:47:46 PKT" skipped="0">
  <testcase classname="ede_ph_3.TestCase3_I" name="testCase3_I" time="989.488"/>
  <system-out/>
</testsuite> <!-- ede_ph_3.TestCase3_I -->
