<?xml version="1.0" encoding="UTF-8"?>
<!-- Generated by org.testng.reporters.JUnitReportReporter -->
<testsuite hostname="PC155" failures="0" tests="1" name="ede_partner_testcases.TestCase_18" time="1130.062" errors="0" timestamp="2021-12-06T22:56:58 PKT" skipped="0">
  <testcase classname="ede_partner_testcases.TestCase_18" name="testCase_18" time="1130.062"/>
  <system-out/>
</testsuite> <!-- ede_partner_testcases.TestCase_18 -->
