<?xml version="1.0" encoding="UTF-8"?>
<!-- Generated by org.testng.reporters.JUnitReportReporter -->
<testsuite hostname="PC155" failures="0" tests="1" name="ede_ph_1.TestCase1_A" time="806.870" errors="0" timestamp="2022-02-25T23:19:15 PKT" skipped="0">
  <testcase classname="ede_ph_1.TestCase1_A" name="testCase1_A" time="806.870"/>
  <system-out/>
</testsuite> <!-- ede_ph_1.TestCase1_A -->
