<?xml version="1.0" encoding="UTF-8"?>
<!-- Generated by org.testng.reporters.JUnitReportReporter -->
<testsuite hostname="PC155" failures="0" tests="1" name="ede_partner_testcases.TestCase_34" time="472.648" errors="0" timestamp="2021-10-04T20:44:33 PKT" skipped="0">
  <testcase classname="ede_partner_testcases.TestCase_34" name="testCase_34" time="472.648"/>
  <system-out/>
</testsuite> <!-- ede_partner_testcases.TestCase_34 -->
