<?xml version="1.0" encoding="UTF-8"?>
<!-- Generated by org.testng.reporters.JUnitReportReporter -->
<testsuite hostname="PC155" failures="0" tests="1" name="ede_partner_testcases.TestCase_38" time="1250.587" errors="0" timestamp="2021-10-04T21:11:09 PKT" skipped="0">
  <testcase classname="ede_partner_testcases.TestCase_38" name="testCase_38" time="1250.587"/>
  <system-out/>
</testsuite> <!-- ede_partner_testcases.TestCase_38 -->
