<?xml version="1.0" encoding="UTF-8"?>
<!-- Generated by org.testng.reporters.JUnitReportReporter -->
<testsuite hostname="PC155" failures="0" tests="1" name="ede_partner_testcases.TestCase_179" time="1123.729" errors="0" timestamp="2021-09-30T19:15:12 PKT" skipped="0">
  <testcase classname="ede_partner_testcases.TestCase_179" name="testCase_179" time="1123.729"/>
  <system-out/>
</testsuite> <!-- ede_partner_testcases.TestCase_179 -->
