<?xml version="1.0" encoding="UTF-8"?>
<!-- Generated by org.testng.reporters.JUnitReportReporter -->
<testsuite hostname="PC155" failures="0" tests="1" name="ede_ph_1.TestCase1_E" time="566.054" errors="0" timestamp="2022-03-01T23:05:53 PKT" skipped="0">
  <testcase classname="ede_ph_1.TestCase1_E" name="testCase1_E" time="566.054"/>
  <system-out/>
</testsuite> <!-- ede_ph_1.TestCase1_E -->
