<?xml version="1.0" encoding="UTF-8"?>
<!-- Generated by org.testng.reporters.JUnitReportReporter -->
<testsuite hostname="PC155" failures="0" tests="1" name="ede_ph_1.TestCase1_F" time="736.934" errors="0" timestamp="2022-03-01T23:53:40 PKT" skipped="0">
  <testcase classname="ede_ph_1.TestCase1_F" name="testCase1_F" time="736.934"/>
  <system-out/>
</testsuite> <!-- ede_ph_1.TestCase1_F -->
