<?xml version="1.0" encoding="UTF-8"?>
<!-- Generated by org.testng.reporters.JUnitReportReporter -->
<testsuite hostname="PC155" failures="0" tests="1" name="ede_ph_1.TestCase1_M" time="1178.094" errors="0" timestamp="2022-03-03T21:53:32 PKT" skipped="0">
  <testcase classname="ede_ph_1.TestCase1_M" name="testCase1_M" time="1178.094"/>
  <system-out/>
</testsuite> <!-- ede_ph_1.TestCase1_M -->
