<?xml version="1.0" encoding="UTF-8"?>
<!-- Generated by org.testng.reporters.JUnitReportReporter -->
<testsuite hostname="PC155" failures="0" tests="1" name="ede_partner_testcases.TestCase_180" time="1371.627" errors="0" timestamp="2021-10-01T17:26:08 PKT" skipped="0">
  <testcase classname="ede_partner_testcases.TestCase_180" name="estCase_180" time="1371.627"/>
  <system-out/>
</testsuite> <!-- ede_partner_testcases.TestCase_180 -->
