<?xml version="1.0" encoding="UTF-8"?>
<!-- Generated by org.testng.reporters.JUnitReportReporter -->
<testsuite hostname="PC155" failures="0" tests="1" name="ede_ph_2.TestCase2_E" time="1324.491" errors="0" timestamp="2021-05-31T23:52:39 PKT" skipped="0">
  <testcase classname="ede_ph_2.TestCase2_E" name="testCase2_E" time="1324.491"/>
  <system-out/>
</testsuite> <!-- ede_ph_2.TestCase2_E -->
