<?xml version="1.0" encoding="UTF-8"?>
<!-- Generated by org.testng.reporters.JUnitReportReporter -->
<testsuite hostname="PC155" failures="0" tests="1" name="ede_partner_testcases.TestCase_87" time="781.361" errors="0" timestamp="2021-10-05T16:33:06 PKT" skipped="0">
  <testcase classname="ede_partner_testcases.TestCase_87" name="testCase_87" time="781.361"/>
  <system-out/>
</testsuite> <!-- ede_partner_testcases.TestCase_87 -->
